[2022-12-05 23:38:03] ERROR: (2002) SQLSTATE[HY000] [2002] Nemohlo být vytvořeno žádné připojení, protože cílový počítač je aktivně odmítl; GET /I18n; line: 97, file: C:\xampp\htdocs\espocrm\application\Espo\ORM\PDO\DefaultPDOProvider.php [] []
[2022-12-05 23:38:03] ERROR: (2002) SQLSTATE[HY000] [2002] Nemohlo být vytvořeno žádné připojení, protože cílový počítač je aktivně odmítl; GET /Settings; line: 97, file: C:\xampp\htdocs\espocrm\application\Espo\ORM\PDO\DefaultPDOProvider.php [] []
[2022-12-05 23:39:14] ERROR: (2002) SQLSTATE[HY000] [2002] Nemohlo být vytvořeno žádné připojení, protože cílový počítač je aktivně odmítl; GET /Settings; line: 97, file: C:\xampp\htdocs\espocrm\application\Espo\ORM\PDO\DefaultPDOProvider.php [] []
[2022-12-05 23:39:14] ERROR: (2002) SQLSTATE[HY000] [2002] Nemohlo být vytvořeno žádné připojení, protože cílový počítač je aktivně odmítl; GET /I18n; line: 97, file: C:\xampp\htdocs\espocrm\application\Espo\ORM\PDO\DefaultPDOProvider.php [] []
[2022-12-05 23:39:20] ERROR: (2002) SQLSTATE[HY000] [2002] Nemohlo být vytvořeno žádné připojení, protože cílový počítač je aktivně odmítl; GET /I18n; line: 97, file: C:\xampp\htdocs\espocrm\application\Espo\ORM\PDO\DefaultPDOProvider.php [] []
[2022-12-05 23:39:20] ERROR: (2002) SQLSTATE[HY000] [2002] Nemohlo být vytvořeno žádné připojení, protože cílový počítač je aktivně odmítl; GET /Settings; line: 97, file: C:\xampp\htdocs\espocrm\application\Espo\ORM\PDO\DefaultPDOProvider.php [] []
[2022-12-05 23:39:55] ERROR: (2002) SQLSTATE[HY000] [2002] Nemohlo být vytvořeno žádné připojení, protože cílový počítač je aktivně odmítl; GET /I18n; line: 97, file: C:\xampp\htdocs\espocrm\application\Espo\ORM\PDO\DefaultPDOProvider.php [] []
[2022-12-05 23:39:55] ERROR: (2002) SQLSTATE[HY000] [2002] Nemohlo být vytvořeno žádné připojení, protože cílový počítač je aktivně odmítl; GET /Settings; line: 97, file: C:\xampp\htdocs\espocrm\application\Espo\ORM\PDO\DefaultPDOProvider.php [] []
[2022-12-05 23:39:58] ERROR: (2002) SQLSTATE[HY000] [2002] Nemohlo být vytvořeno žádné připojení, protože cílový počítač je aktivně odmítl; GET /Settings; line: 97, file: C:\xampp\htdocs\espocrm\application\Espo\ORM\PDO\DefaultPDOProvider.php [] []
[2022-12-05 23:39:58] ERROR: (2002) SQLSTATE[HY000] [2002] Nemohlo být vytvořeno žádné připojení, protože cílový počítač je aktivně odmítl; GET /I18n; line: 97, file: C:\xampp\htdocs\espocrm\application\Espo\ORM\PDO\DefaultPDOProvider.php [] []
[2022-12-05 23:42:11] ERROR: (2002) SQLSTATE[HY000] [2002] Nemohlo být vytvořeno žádné připojení, protože cílový počítač je aktivně odmítl; GET /Settings; line: 97, file: C:\xampp\htdocs\espocrm\application\Espo\ORM\PDO\DefaultPDOProvider.php [] []
[2022-12-05 23:42:11] ERROR: (2002) SQLSTATE[HY000] [2002] Nemohlo být vytvořeno žádné připojení, protože cílový počítač je aktivně odmítl; GET /I18n; line: 97, file: C:\xampp\htdocs\espocrm\application\Espo\ORM\PDO\DefaultPDOProvider.php [] []
[2022-12-05 23:42:15] ERROR: (2002) SQLSTATE[HY000] [2002] Nemohlo být vytvořeno žádné připojení, protože cílový počítač je aktivně odmítl; GET /Settings; line: 97, file: C:\xampp\htdocs\espocrm\application\Espo\ORM\PDO\DefaultPDOProvider.php [] []
[2022-12-05 23:42:15] ERROR: (2002) SQLSTATE[HY000] [2002] Nemohlo být vytvořeno žádné připojení, protože cílový počítač je aktivně odmítl; GET /I18n; line: 97, file: C:\xampp\htdocs\espocrm\application\Espo\ORM\PDO\DefaultPDOProvider.php [] []
[2022-12-05 23:42:31] ERROR: (2002) SQLSTATE[HY000] [2002] Nemohlo být vytvořeno žádné připojení, protože cílový počítač je aktivně odmítl; GET /Settings; line: 97, file: C:\xampp\htdocs\espocrm\application\Espo\ORM\PDO\DefaultPDOProvider.php [] []
[2022-12-05 23:42:31] ERROR: (2002) SQLSTATE[HY000] [2002] Nemohlo být vytvořeno žádné připojení, protože cílový počítač je aktivně odmítl; GET /I18n; line: 97, file: C:\xampp\htdocs\espocrm\application\Espo\ORM\PDO\DefaultPDOProvider.php [] []
[2022-12-05 23:42:33] ERROR: (2002) SQLSTATE[HY000] [2002] Nemohlo být vytvořeno žádné připojení, protože cílový počítač je aktivně odmítl; GET /I18n; line: 97, file: C:\xampp\htdocs\espocrm\application\Espo\ORM\PDO\DefaultPDOProvider.php [] []
[2022-12-05 23:42:33] ERROR: (2002) SQLSTATE[HY000] [2002] Nemohlo být vytvořeno žádné připojení, protože cílový počítač je aktivně odmítl; GET /Settings; line: 97, file: C:\xampp\htdocs\espocrm\application\Espo\ORM\PDO\DefaultPDOProvider.php [] []
[2022-12-05 23:43:03] ERROR: (2002) SQLSTATE[HY000] [2002] Nemohlo být vytvořeno žádné připojení, protože cílový počítač je aktivně odmítl; GET /I18n; line: 97, file: C:\xampp\htdocs\espocrm\application\Espo\ORM\PDO\DefaultPDOProvider.php [] []
[2022-12-05 23:43:03] ERROR: (2002) SQLSTATE[HY000] [2002] Nemohlo být vytvořeno žádné připojení, protože cílový počítač je aktivně odmítl; GET /Settings; line: 97, file: C:\xampp\htdocs\espocrm\application\Espo\ORM\PDO\DefaultPDOProvider.php [] []
[2022-12-05 23:44:37] ERROR: (2002) SQLSTATE[HY000] [2002] Nemohlo být vytvořeno žádné připojení, protože cílový počítač je aktivně odmítl; GET /Settings; line: 97, file: C:\xampp\htdocs\espocrm\application\Espo\ORM\PDO\DefaultPDOProvider.php [] []
[2022-12-05 23:44:37] ERROR: (2002) SQLSTATE[HY000] [2002] Nemohlo být vytvořeno žádné připojení, protože cílový počítač je aktivně odmítl; GET /I18n; line: 97, file: C:\xampp\htdocs\espocrm\application\Espo\ORM\PDO\DefaultPDOProvider.php [] []
[2022-12-05 23:49:12] ERROR: (0) GD does not appear to be available in your PHP installation. Please try another generator; GET /espocrm/; line: 18, file: C:\xampp\htdocs\espocrm\vendor\yzalis\identicon\src\Identicon\Generator\GdGenerator.php [] []
[2022-12-05 23:50:51] ERROR: (0) GD does not appear to be available in your PHP installation. Please try another generator; GET /espocrm/; line: 18, file: C:\xampp\htdocs\espocrm\vendor\yzalis\identicon\src\Identicon\Generator\GdGenerator.php [] []
[2022-12-05 23:50:51] ERROR: (0) GD does not appear to be available in your PHP installation. Please try another generator; GET /espocrm/; line: 18, file: C:\xampp\htdocs\espocrm\vendor\yzalis\identicon\src\Identicon\Generator\GdGenerator.php [] []
[2022-12-05 23:50:55] ERROR: (0) GD does not appear to be available in your PHP installation. Please try another generator; GET /espocrm/; line: 18, file: C:\xampp\htdocs\espocrm\vendor\yzalis\identicon\src\Identicon\Generator\GdGenerator.php [] []
[2022-12-05 23:54:37] ERROR: Uncaught Exception Error: "Call to undefined function Espo\EntryPoints\imagecreatetruecolor()" at C:\xampp\htdocs\espocrm\application\Espo\EntryPoints\Image.php line 279 {"exception":"[object] (Error(code: 0): Call to undefined function Espo\\EntryPoints\\imagecreatetruecolor() at C:\\xampp\\htdocs\\espocrm\\application\\Espo\\EntryPoints\\Image.php:279)"} []
[2022-12-05 23:54:39] ERROR: (0) GD does not appear to be available in your PHP installation. Please try another generator; GET /espocrm/; line: 18, file: C:\xampp\htdocs\espocrm\vendor\yzalis\identicon\src\Identicon\Generator\GdGenerator.php [] []
[2022-12-05 23:54:39] ERROR: Uncaught Exception Error: "Call to undefined function Espo\EntryPoints\imagecreatetruecolor()" at C:\xampp\htdocs\espocrm\application\Espo\EntryPoints\Image.php line 279 {"exception":"[object] (Error(code: 0): Call to undefined function Espo\\EntryPoints\\imagecreatetruecolor() at C:\\xampp\\htdocs\\espocrm\\application\\Espo\\EntryPoints\\Image.php:279)"} []
[2022-12-05 23:54:43] ERROR: (0) GD does not appear to be available in your PHP installation. Please try another generator; GET /espocrm/; line: 18, file: C:\xampp\htdocs\espocrm\vendor\yzalis\identicon\src\Identicon\Generator\GdGenerator.php [] []
[2022-12-05 23:54:43] ERROR: Uncaught Exception Error: "Call to undefined function Espo\EntryPoints\imagecreatetruecolor()" at C:\xampp\htdocs\espocrm\application\Espo\EntryPoints\Image.php line 279 {"exception":"[object] (Error(code: 0): Call to undefined function Espo\\EntryPoints\\imagecreatetruecolor() at C:\\xampp\\htdocs\\espocrm\\application\\Espo\\EntryPoints\\Image.php:279)"} []
[2022-12-05 23:57:11] ERROR: Uncaught Exception Error: "Call to undefined function Espo\EntryPoints\imagecreatetruecolor()" at C:\xampp\htdocs\espocrm\application\Espo\EntryPoints\Avatar.php line 145 {"exception":"[object] (Error(code: 0): Call to undefined function Espo\\EntryPoints\\imagecreatetruecolor() at C:\\xampp\\htdocs\\espocrm\\application\\Espo\\EntryPoints\\Avatar.php:145)"} []
[2022-12-05 23:57:33] ERROR: (0) GD does not appear to be available in your PHP installation. Please try another generator; GET /espocrm/; line: 18, file: C:\xampp\htdocs\espocrm\vendor\yzalis\identicon\src\Identicon\Generator\GdGenerator.php [] []
[2022-12-05 23:57:33] ERROR: (0) GD does not appear to be available in your PHP installation. Please try another generator; GET /espocrm/; line: 18, file: C:\xampp\htdocs\espocrm\vendor\yzalis\identicon\src\Identicon\Generator\GdGenerator.php [] []
[2022-12-05 23:57:35] ERROR: (0) GD does not appear to be available in your PHP installation. Please try another generator; GET /espocrm/; line: 18, file: C:\xampp\htdocs\espocrm\vendor\yzalis\identicon\src\Identicon\Generator\GdGenerator.php [] []
[2022-12-05 23:57:35] ERROR: (0) GD does not appear to be available in your PHP installation. Please try another generator; GET /espocrm/; line: 18, file: C:\xampp\htdocs\espocrm\vendor\yzalis\identicon\src\Identicon\Generator\GdGenerator.php [] []
[2022-12-05 23:59:09] ERROR: Uncaught Exception Error: "Call to undefined function Espo\EntryPoints\imagecreatetruecolor()" at C:\xampp\htdocs\espocrm\application\Espo\EntryPoints\Image.php line 279 {"exception":"[object] (Error(code: 0): Call to undefined function Espo\\EntryPoints\\imagecreatetruecolor() at C:\\xampp\\htdocs\\espocrm\\application\\Espo\\EntryPoints\\Image.php:279)"} []
